<?xml version="1.0" encoding="UTF-8"?>
<testsuite xmlns:xsi="http://www.w3.org/2001/XMLSchema-instance" xsi:noNamespaceSchemaLocation="https://maven.apache.org/surefire/maven-surefire-plugin/xsd/surefire-test-report-3.0.xsd" version="3.0" name="testRunner.TestRunner" time="109.146" tests="3" errors="0" skipped="0" failures="0">
  <properties>
[...]
</properties>
  <testcase name="Get the three lowest international  travel insurance plan with amount and insurance provider company" classname="Travel Insurance" time="58.473">
    <system-out><![CDATA[
Scenario: Get the three lowest international  travel insurance plan with amount and insurance provider company # featureFiles/Feature_001_TravelInsurance.feature:2
  Given Navigate to travel insurance page                                                                      # stepDefinition.TravelInsurance.navigateToTravelInsurancePage()

    Embedding Get the three lowest international  travel insurance plan with amount and insurance provider company [image/png 152903 bytes]

  When Click on any european country as destination                                                            # stepDefinition.TravelInsurance.clickOnAnyEuropeanCountry()

    Embedding Get the three lowest international  travel insurance plan with amount and insurance provider company [image/png 155973 bytes]

  And Click on next to navigate date page                                                                      # stepDefinition.TravelInsurance.clickOnNextToNavigateDatePage()

    Embedding Get the three lowest international  travel insurance plan with amount and insurance provider company [image/png 68718 bytes]

  And Select the date and click on Next                                                                        # stepDefinition.TravelInsurance.selectDateAndClickOnNext()

    Embedding Get the three lowest international  travel insurance plan with amount and insurance provider company [image/png 65687 bytes]

  And Select the number of travellers and enter the age and click on next                                      # stepDefinition.TravelInsurance.selectNoOfTravellersAndEnterAge()

    Embedding Get the three lowest international  travel insurance plan with amount and insurance provider company [image/png 97967 bytes]

  And Verify your Medical History and click on next                                                            # stepDefinition.TravelInsurance.verifyTheMedicalHistory()

    Embedding Get the three lowest international  travel insurance plan with amount and insurance provider company [image/png 99318 bytes]

  Then Verify the sort by dropdown is visible                                                                  # stepDefinition.TravelInsurance.verifySortDropdownIsDisplay()

    Embedding Get the three lowest international  travel insurance plan with amount and insurance provider company [image/png 143394 bytes]

  And Verify the premium low to high and click                                                                 # stepDefinition.TravelInsurance.verifyLowToHighClick()

    Embedding Get the three lowest international  travel insurance plan with amount and insurance provider company [image/png 145718 bytes]

Plan Name :National Insurance
Overseas Business & Holiday
Price :₹2,188
Plan Name :Niva Bupa (formerly known as Max Bupa)
Travel Assure
Price :₹2,564
Plan Name :Care Health
Explore Silver - Excluding US & Canada
Price :₹2,646
  And Display three lowest international  travel insurance plan                                                # stepDefinition.TravelInsurance.displayThreeLowestInternationalPlan()

    Embedding Get the three lowest international  travel insurance plan with amount and insurance provider company [image/png 145718 bytes]

]]></system-out>
    <system-err><![CDATA[Jun 19, 2024 4:38:03 PM org.openqa.selenium.devtools.CdpVersionFinder findNearestMatch
WARNING: Unable to find an exact match for CDP version 123, returning the closest version; found: 122; Please update to a Selenium version that supports CDP version 123
]]></system-err>
  </testcase>
  <testcase name="Capturing Error Message By Invalid Login Credentials" classname="Car Insurance" time="38.317">
    <system-out><![CDATA[
Scenario: Capturing Error Message By Invalid Login Credentials # featureFiles/Feature_002_CarInsurance.feature:2
  Given Navigate to Car insurance page                         # stepDefinition.CarInsurance.navigateToCarInsurancePage()

    Embedding Capturing Error Message By Invalid Login Credentials [image/png 168343 bytes]

  When Proceed without providing car number                    # stepDefinition.CarInsurance.proceedWithoutCarNumber()

    Embedding Capturing Error Message By Invalid Login Credentials [image/png 169576 bytes]

  And Select city and RTO                                      # stepDefinition.CarInsurance.selectCityAndRTO()

    Embedding Capturing Error Message By Invalid Login Credentials [image/png 18046 bytes]

  And Select car brand                                         # stepDefinition.CarInsurance.selectCarBrand()

    Embedding Capturing Error Message By Invalid Login Credentials [image/png 24091 bytes]

  And Select car model                                         # stepDefinition.CarInsurance.selectCarModel()

    Embedding Capturing Error Message By Invalid Login Credentials [image/png 53430 bytes]

  And Select car variant                                       # stepDefinition.CarInsurance.selectCarVarient()

    Embedding Capturing Error Message By Invalid Login Credentials [image/png 32701 bytes]

  Then Verify the user details page is displayed               # stepDefinition.CarInsurance.verifyuserDetailsIsDisplayed()

    Embedding Capturing Error Message By Invalid Login Credentials [image/png 46613 bytes]

Kaviya
  And Fill details with invalid phone number or e-mail         # stepDefinition.CarInsurance.fillInvalidUserDetails()

    Embedding Capturing Error Message By Invalid Login Credentials [image/png 58777 bytes]

Enter a valid mobile number
  And Print the error message displayed                        # stepDefinition.CarInsurance.printTheErrorMessage()

    Embedding Capturing Error Message By Invalid Login Credentials [image/png 58588 bytes]

]]></system-out>
    <system-err><![CDATA[Jun 19, 2024 4:38:59 PM org.openqa.selenium.devtools.CdpVersionFinder findNearestMatch
WARNING: Unable to find an exact match for CDP version 123, returning the closest version; found: 122; Please update to a Selenium version that supports CDP version 123
]]></system-err>
  </testcase>
  <testcase name="Retrieve all Health Insurance Menu Items" classname="Health Insurance" time="7.498">
    <system-out><![CDATA[
Scenario: Retrieve all Health Insurance Menu Items      # featureFiles/Feature_003_HealthInsurance.feature:2
  Given The user click on Insurance products menu       # stepDefinition.HealthInsurance.clickInsuranceProductsMenu()

    Embedding Retrieve all Health Insurance Menu Items [image/png 136093 bytes]

  When Hover the health insurance menu                  # stepDefinition.HealthInsurance.navigateHealthInsurancePage()

    Embedding Retrieve all Health Insurance Menu Items [image/png 107605 bytes]

Family Health Insurance
Senior Citizen Health Insurance
Health Insurance for Parents
Best Health Insurance Plans
Maternity Insurance
Health Insurance Portability
Mediclaim Policy
Critical Illness Insurance
Health Insurance Calculator
Health Insurance Companies
Health Insurance for NRIs
Health Insurance Claim
  And Retrieve all the sub menus as list and print them # stepDefinition.HealthInsurance.retrieveTheSubMenuItems()

    Embedding Retrieve all Health Insurance Menu Items [image/png 107605 bytes]

]]></system-out>
    <system-err><![CDATA[Jun 19, 2024 4:39:37 PM org.openqa.selenium.devtools.CdpVersionFinder findNearestMatch
WARNING: Unable to find an exact match for CDP version 123, returning the closest version; found: 122; Please update to a Selenium version that supports CDP version 123
]]></system-err>
  </testcase>
</testsuite>